{"C:\\Users\\lujh\\Desktop\\新建文件夹\\fline\\src\\MyClass.ts": {"path":"C:\\Users\\lujh\\Desktop\\新建文件夹\\fline\\src\\MyClass.ts","statementMap":{"0":{"start":{"line":27,"column":4},"end":{"line":27,"column":25}},"1":{"start":{"line":13,"column":0},"end":{"line":13,"column":13}}},"fnMap":{"0":{"name":"(anonymous_0)","decl":{"start":{"line":17,"column":2},"end":{"line":17,"column":null}},"loc":{"start":{"line":17,"column":2},"end":{"line":19,"column":3}}},"1":{"name":"(anonymous_1)","decl":{"start":{"line":26,"column":2},"end":{"line":26,"column":14}},"loc":{"start":{"line":26,"column":30},"end":{"line":28,"column":3}}}},"branchMap":{},"s":{"0":1,"1":1},"f":{"0":1,"1":1},"b":{}}
}
